-------------------------------------------------------------------------------
Test set: cpsc326.OptimizerFoldingTests
-------------------------------------------------------------------------------
Tests run: 10, Failures: 4, Errors: 0, Skipped: 0, Time elapsed: 0.110 s <<< FAILURE! -- in cpsc326.OptimizerFoldingTests
cpsc326.OptimizerFoldingTests.testNestedFolding -- Time elapsed: 0.042 s
cpsc326.OptimizerFoldingTests.testDoubleInequality -- Time elapsed: 0.011 s <<< FAILURE!
org.opentest4j.AssertionFailedError: Expected BasicExpr ==> expected: <true> but was: <false>
	at org.junit.jupiter.api.AssertionFailureBuilder.build(AssertionFailureBuilder.java:151)
	at org.junit.jupiter.api.AssertionFailureBuilder.buildAndThrow(AssertionFailureBuilder.java:132)
	at org.junit.jupiter.api.AssertTrue.failNotTrue(AssertTrue.java:63)
	at org.junit.jupiter.api.AssertTrue.assertTrue(AssertTrue.java:36)
	at org.junit.jupiter.api.Assertions.assertTrue(Assertions.java:214)
	at cpsc326.OptimizerFoldingTests.assertLiteral(OptimizerFoldingTests.java:35)
	at cpsc326.OptimizerFoldingTests.testDoubleInequality(OptimizerFoldingTests.java:166)
	at java.base/java.lang.reflect.Method.invoke(Method.java:580)
	at java.base/java.util.ArrayList.forEach(ArrayList.java:1596)
	at java.base/java.util.ArrayList.forEach(ArrayList.java:1596)

cpsc326.OptimizerFoldingTests.testDivisionFolding -- Time elapsed: 0.001 s
cpsc326.OptimizerFoldingTests.testIntFolding -- Time elapsed: 0.002 s
cpsc326.OptimizerFoldingTests.testBooleanEqualityFalse -- Time elapsed: 0.003 s <<< FAILURE!
org.opentest4j.AssertionFailedError: Expected BasicExpr ==> expected: <true> but was: <false>
	at org.junit.jupiter.api.AssertionFailureBuilder.build(AssertionFailureBuilder.java:151)
	at org.junit.jupiter.api.AssertionFailureBuilder.buildAndThrow(AssertionFailureBuilder.java:132)
	at org.junit.jupiter.api.AssertTrue.failNotTrue(AssertTrue.java:63)
	at org.junit.jupiter.api.AssertTrue.assertTrue(AssertTrue.java:36)
	at org.junit.jupiter.api.Assertions.assertTrue(Assertions.java:214)
	at cpsc326.OptimizerFoldingTests.assertLiteral(OptimizerFoldingTests.java:35)
	at cpsc326.OptimizerFoldingTests.testBooleanEqualityFalse(OptimizerFoldingTests.java:144)
	at java.base/java.lang.reflect.Method.invoke(Method.java:580)
	at java.base/java.util.ArrayList.forEach(ArrayList.java:1596)
	at java.base/java.util.ArrayList.forEach(ArrayList.java:1596)

cpsc326.OptimizerFoldingTests.testBooleanFolding -- Time elapsed: 0.002 s
cpsc326.OptimizerFoldingTests.testBooleanEqualityTrue -- Time elapsed: 0.002 s <<< FAILURE!
org.opentest4j.AssertionFailedError: Expected BasicExpr ==> expected: <true> but was: <false>
	at org.junit.jupiter.api.AssertionFailureBuilder.build(AssertionFailureBuilder.java:151)
	at org.junit.jupiter.api.AssertionFailureBuilder.buildAndThrow(AssertionFailureBuilder.java:132)
	at org.junit.jupiter.api.AssertTrue.failNotTrue(AssertTrue.java:63)
	at org.junit.jupiter.api.AssertTrue.assertTrue(AssertTrue.java:36)
	at org.junit.jupiter.api.Assertions.assertTrue(Assertions.java:214)
	at cpsc326.OptimizerFoldingTests.assertLiteral(OptimizerFoldingTests.java:35)
	at cpsc326.OptimizerFoldingTests.testBooleanEqualityTrue(OptimizerFoldingTests.java:133)
	at java.base/java.lang.reflect.Method.invoke(Method.java:580)
	at java.base/java.util.ArrayList.forEach(ArrayList.java:1596)
	at java.base/java.util.ArrayList.forEach(ArrayList.java:1596)

cpsc326.OptimizerFoldingTests.testIntEquality -- Time elapsed: 0.002 s <<< FAILURE!
org.opentest4j.AssertionFailedError: Expected BasicExpr ==> expected: <true> but was: <false>
	at org.junit.jupiter.api.AssertionFailureBuilder.build(AssertionFailureBuilder.java:151)
	at org.junit.jupiter.api.AssertionFailureBuilder.buildAndThrow(AssertionFailureBuilder.java:132)
	at org.junit.jupiter.api.AssertTrue.failNotTrue(AssertTrue.java:63)
	at org.junit.jupiter.api.AssertTrue.assertTrue(AssertTrue.java:36)
	at org.junit.jupiter.api.Assertions.assertTrue(Assertions.java:214)
	at cpsc326.OptimizerFoldingTests.assertLiteral(OptimizerFoldingTests.java:35)
	at cpsc326.OptimizerFoldingTests.testIntEquality(OptimizerFoldingTests.java:155)
	at java.base/java.lang.reflect.Method.invoke(Method.java:580)
	at java.base/java.util.ArrayList.forEach(ArrayList.java:1596)
	at java.base/java.util.ArrayList.forEach(ArrayList.java:1596)

cpsc326.OptimizerFoldingTests.constantFoldingTest -- Time elapsed: 0.001 s
cpsc326.OptimizerFoldingTests.testDoubleFolding -- Time elapsed: 0.001 s
