<?xml version="1.0" encoding="UTF-8"?>
<testsuite xmlns:xsi="http://www.w3.org/2001/XMLSchema-instance" xsi:noNamespaceSchemaLocation="https://maven.apache.org/surefire/maven-surefire-plugin/xsd/surefire-test-report.xsd" version="3.0.2" name="cpsc326.SemanticCheckerTests" time="0.403" tests="140" errors="2" skipped="0" failures="0">
  <properties>
[...]
</properties>
  <testcase name="illegalNonNullReturn" classname="cpsc326.SemanticCheckerTests" time="0.05"/>
  <testcase name="validInferedTypeVarStatements" classname="cpsc326.SemanticCheckerTests" time="0.003"/>
  <testcase name="basicIfStatements" classname="cpsc326.SemanticCheckerTests" time="0.003"/>
  <testcase name="badArrayAssignment" classname="cpsc326.SemanticCheckerTests" time="0.007"/>
  <testcase name="exprWithParens" classname="cpsc326.SemanticCheckerTests" time="0.005"/>
  <testcase name="illegalNonBoolElseIfCondition" classname="cpsc326.SemanticCheckerTests" time="0.002"/>
  <testcase name="lvalueWithWrongType" classname="cpsc326.SemanticCheckerTests" time="0.005"/>
  <testcase name="extremeVariableShadowingWorking" classname="cpsc326.SemanticCheckerTests" time="0.005"/>
  <testcase name="assignmentWithArrayTypeMismatch" classname="cpsc326.SemanticCheckerTests" time="0.002"/>
  <testcase name="basicReadlnCalls" classname="cpsc326.SemanticCheckerTests" time="0.001"/>
  <testcase name="createArrayWithMismatchedBaseType" classname="cpsc326.SemanticCheckerTests" time="0.002"/>
  <testcase name="getTooManyArgs" classname="cpsc326.SemanticCheckerTests" time="0.003"/>
  <testcase name="illegalBoolArrayWhileCondition" classname="cpsc326.SemanticCheckerTests" time="0.003"/>
  <testcase name="basicStructCreation" classname="cpsc326.SemanticCheckerTests" time="0.001"/>
  <testcase name="illegalLogicalOrWithString" classname="cpsc326.SemanticCheckerTests" time="0.007"/>
  <testcase name="printlnTooFewArgs" classname="cpsc326.SemanticCheckerTests" time="0.002"/>
  <testcase name="basicForStatements" classname="cpsc326.SemanticCheckerTests" time="0.001"/>
  <testcase name="rvalueWithBadArrayType" classname="cpsc326.SemanticCheckerTests" time="0.002"/>
  <testcase name="mainWithParams" classname="cpsc326.SemanticCheckerTests" time="0.002"/>
  <testcase name="dblValWrongReturnType" classname="cpsc326.SemanticCheckerTests" time="0.001"/>
  <testcase name="basicCastFunctionCalls" classname="cpsc326.SemanticCheckerTests" time="0.001"/>
  <testcase name="getWrongReturnType" classname="cpsc326.SemanticCheckerTests" time="0.001"/>
  <testcase name="illegalNullIfCondition" classname="cpsc326.SemanticCheckerTests" time="0.001"/>
  <testcase name="callWithTooManyArgs" classname="cpsc326.SemanticCheckerTests" time="0.01"/>
  <testcase name="illegalBoolArrayIfCondition" classname="cpsc326.SemanticCheckerTests" time="0.002"/>
  <testcase name="illegalArrayRelationalComparison" classname="cpsc326.SemanticCheckerTests" time="0.002"/>
  <testcase name="basicWhileStatements" classname="cpsc326.SemanticCheckerTests" time="0.001"/>
  <testcase name="combinedRelationalOperators" classname="cpsc326.SemanticCheckerTests" time="0.001"/>
  <testcase name="functionWithTwoSameNamedParams" classname="cpsc326.SemanticCheckerTests" time="0.001"/>
  <testcase name="structsMutualReference" classname="cpsc326.SemanticCheckerTests" time="0.0"/>
  <testcase name="structCreationTooManyArgs" classname="cpsc326.SemanticCheckerTests" time="0.007"/>
  <testcase name="illegalLogicalNegationWithInt" classname="cpsc326.SemanticCheckerTests" time="0.003"/>
  <testcase name="dblValWrongArgType" classname="cpsc326.SemanticCheckerTests" time="0.002"/>
  <testcase name="structCreationTooFewArgs" classname="cpsc326.SemanticCheckerTests" time="0.001"/>
  <testcase name="validNestedArrayAndStructArrayVarStatements" classname="cpsc326.SemanticCheckerTests" time="0.001"/>
  <testcase name="mismatchedNonArrayIntVarStatementTypes" classname="cpsc326.SemanticCheckerTests" time="0.002"/>
  <testcase name="assignmentWithBaseTypeMismatch" classname="cpsc326.SemanticCheckerTests" time="0.001"/>
  <testcase name="basicGetFunctionCalls" classname="cpsc326.SemanticCheckerTests" time="0.001"/>
  <testcase name="illegalNullInForFrom" classname="cpsc326.SemanticCheckerTests" time="0.001"/>
  <testcase name="sizeTooManyArgs" classname="cpsc326.SemanticCheckerTests" time="0.001"/>
  <testcase name="callWithWrongNonArrayArgType" classname="cpsc326.SemanticCheckerTests" time="0.007"/>
  <testcase name="printArrayObject" classname="cpsc326.SemanticCheckerTests" time="0.001"/>
  <testcase name="functionWithStructParam" classname="cpsc326.SemanticCheckerTests" time="0.001"/>
  <testcase name="redefinedBuiltIn" classname="cpsc326.SemanticCheckerTests" time="0.002"/>
  <testcase name="functionWithBadReturnType" classname="cpsc326.SemanticCheckerTests" time="0.002"/>
  <testcase name="printlnArrayObject" classname="cpsc326.SemanticCheckerTests" time="0.002"/>
  <testcase name="functionWithBadArrayParameterType" classname="cpsc326.SemanticCheckerTests" time="0.001"/>
  <testcase name="callWithTooFewArgs" classname="cpsc326.SemanticCheckerTests" time="0.001"/>
  <testcase name="illegalAdditionWithIntAndArray" classname="cpsc326.SemanticCheckerTests" time="0.001"/>
  <testcase name="functionWithBadParameterType" classname="cpsc326.SemanticCheckerTests" time="0.001"/>
  <testcase name="basicAssignmentStatements" classname="cpsc326.SemanticCheckerTests" time="0.0"/>
  <testcase name="nestedArrayIndexingOnNonArray" classname="cpsc326.SemanticCheckerTests" time="0.002"/>
  <testcase name="exprWithNoParens" classname="cpsc326.SemanticCheckerTests" time="0.001"/>
  <testcase name="lvalueWithCorrectType" classname="cpsc326.SemanticCheckerTests" time="0.007">
    <error message="STATIC_ERROR: [4,5] Trying to index non-array type" type="cpsc326.MyPLException"><![CDATA[cpsc326.MyPLException: STATIC_ERROR: [4,5] Trying to index non-array type
	at cpsc326.MyPLException.staticError(MyPLException.java:56)
	at cpsc326.SemanticChecker.error(SemanticChecker.java:99)
	at cpsc326.SemanticChecker.visit(SemanticChecker.java:830)
	at cpsc326.AssignStmt.accept(AST.java:217)
	at cpsc326.SemanticChecker.visit(SemanticChecker.java:218)
	at cpsc326.FunDef.accept(AST.java:54)
	at cpsc326.SemanticChecker.visit(SemanticChecker.java:168)
	at cpsc326.Program.accept(AST.java:34)
	at cpsc326.SemanticCheckerTests.lvalueWithCorrectType(SemanticCheckerTests.java:1964)
	at java.base/java.lang.reflect.Method.invoke(Method.java:580)
	at java.base/java.util.ArrayList.forEach(ArrayList.java:1596)
	at java.base/java.util.ArrayList.forEach(ArrayList.java:1596)
]]></error>
  </testcase>
  <testcase name="printStructObject" classname="cpsc326.SemanticCheckerTests" time="0.002"/>
  <testcase name="structCreationWrongArgType" classname="cpsc326.SemanticCheckerTests" time="0.002"/>
  <testcase name="basicSizeFunctionCalls" classname="cpsc326.SemanticCheckerTests" time="0.001"/>
  <testcase name="illegalMultiplication" classname="cpsc326.SemanticCheckerTests" time="0.008"/>
  <testcase name="illegalLogicalAndWithInt" classname="cpsc326.SemanticCheckerTests" time="0.002"/>
  <testcase name="illegalNonArrayRelationalComparison" classname="cpsc326.SemanticCheckerTests" time="0.002"/>
  <testcase name="sizeWrongReturnType" classname="cpsc326.SemanticCheckerTests" time="0.001"/>
  <testcase name="intValTooFewArgs" classname="cpsc326.SemanticCheckerTests" time="0.003"/>
  <testcase name="validFullBaseTypeArrayVarStatements" classname="cpsc326.SemanticCheckerTests" time="0.0"/>
  <testcase name="callWithTwoParamsAndTooManyArgs" classname="cpsc326.SemanticCheckerTests" time="0.003"/>
  <testcase name="oneIllegalExecutionPath" classname="cpsc326.SemanticCheckerTests" time="0.002"/>
  <testcase name="basicFunctionCalls" classname="cpsc326.SemanticCheckerTests" time="0.003"/>
  <testcase name="basicStructPathExamples" classname="cpsc326.SemanticCheckerTests" time="0.001"/>
  <testcase name="twoFunctionsWithSameName" classname="cpsc326.SemanticCheckerTests" time="0.001"/>
  <testcase name="getWrongSecondArgType" classname="cpsc326.SemanticCheckerTests" time="0.001"/>
  <testcase name="illegalArrayWithAddition" classname="cpsc326.SemanticCheckerTests" time="0.002"/>
  <testcase name="arrayAccess" classname="cpsc326.SemanticCheckerTests" time="0.001"/>
  <testcase name="smallestValidProgram" classname="cpsc326.SemanticCheckerTests" time="0.0"/>
  <testcase name="illegalLifetimeinElse" classname="cpsc326.SemanticCheckerTests" time="0.001"/>
  <testcase name="strValTooManyArgs" classname="cpsc326.SemanticCheckerTests" time="0.001"/>
  <testcase name="mismatchedNonArrayDoubleVarStatementTypes" classname="cpsc326.SemanticCheckerTests" time="0.001"/>
  <testcase name="getWrongFirstArgType" classname="cpsc326.SemanticCheckerTests" time="0.002"/>
  <testcase name="basicRelationalOperators" classname="cpsc326.SemanticCheckerTests" time="0.001"/>
  <testcase name="getTooFewArgs" classname="cpsc326.SemanticCheckerTests" time="0.003"/>
  <testcase name="illegalNonBoolIfCondition" classname="cpsc326.SemanticCheckerTests" time="0.001"/>
  <testcase name="callToUndeclaredFunction" classname="cpsc326.SemanticCheckerTests" time="0.002"/>
  <testcase name="accessUndefinedStructField" classname="cpsc326.SemanticCheckerTests" time="0.002"/>
  <testcase name="strValTooFewArgs" classname="cpsc326.SemanticCheckerTests" time="0.001"/>
  <testcase name="illegalAdditionUsingBools" classname="cpsc326.SemanticCheckerTests" time="0.002"/>
  <testcase name="rvalueWithCorrectArrayType" classname="cpsc326.SemanticCheckerTests" time="0.002">
    <error message="STATIC_ERROR: [4,37] Cannot access field on array type" type="cpsc326.MyPLException"><![CDATA[cpsc326.MyPLException: STATIC_ERROR: [4,37] Cannot access field on array type
	at cpsc326.MyPLException.staticError(MyPLException.java:56)
	at cpsc326.SemanticChecker.error(SemanticChecker.java:99)
	at cpsc326.SemanticChecker.visit(SemanticChecker.java:697)
	at cpsc326.VarRValue.accept(AST.java:179)
	at cpsc326.SemanticChecker.visit(SemanticChecker.java:311)
	at cpsc326.BasicExpr.accept(AST.java:98)
	at cpsc326.SemanticChecker.visit(SemanticChecker.java:751)
	at cpsc326.VarStmt.accept(AST.java:208)
	at cpsc326.SemanticChecker.visit(SemanticChecker.java:218)
	at cpsc326.FunDef.accept(AST.java:54)
	at cpsc326.SemanticChecker.visit(SemanticChecker.java:168)
	at cpsc326.Program.accept(AST.java:34)
	at cpsc326.SemanticCheckerTests.rvalueWithCorrectArrayType(SemanticCheckerTests.java:1991)
	at java.base/java.lang.reflect.Method.invoke(Method.java:580)
	at java.base/java.util.ArrayList.forEach(ArrayList.java:1596)
	at java.base/java.util.ArrayList.forEach(ArrayList.java:1596)
]]></error>
  </testcase>
  <testcase name="printTooFewArgs" classname="cpsc326.SemanticCheckerTests" time="0.002"/>
  <testcase name="illegalSubtractionWithNull" classname="cpsc326.SemanticCheckerTests" time="0.001"/>
  <testcase name="exprWithParensAndVars" classname="cpsc326.SemanticCheckerTests" time="0.001"/>
  <testcase name="callWithWrongArrayReturnType" classname="cpsc326.SemanticCheckerTests" time="0.001"/>
  <testcase name="structWithTwoFieldsHavingSameName" classname="cpsc326.SemanticCheckerTests" time="0.002"/>
  <testcase name="intValWrongReturnType" classname="cpsc326.SemanticCheckerTests" time="0.001"/>
  <testcase name="arrayCreation" classname="cpsc326.SemanticCheckerTests" time="0.001"/>
  <testcase name="readlnWrongReturnType" classname="cpsc326.SemanticCheckerTests" time="0.002"/>
  <testcase name="assignmentWithBaseTypeToArrayTypeMismatch" classname="cpsc326.SemanticCheckerTests" time="0.002"/>
  <testcase name="rvalueWithCorrectType" classname="cpsc326.SemanticCheckerTests" time="0.0"/>
  <testcase name="callWithWrongNonArrayReturnType" classname="cpsc326.SemanticCheckerTests" time="0.002"/>
  <testcase name="illegalBoolInForFrom" classname="cpsc326.SemanticCheckerTests" time="0.002"/>
  <testcase name="printlnStructObject" classname="cpsc326.SemanticCheckerTests" time="0.001"/>
  <testcase name="extremeVariableShadowingError" classname="cpsc326.SemanticCheckerTests" time="0.002"/>
  <testcase name="readlnTooManyArgs" classname="cpsc326.SemanticCheckerTests" time="0.002"/>
  <testcase name="illegalDoubleInForTo" classname="cpsc326.SemanticCheckerTests" time="0.002"/>
  <testcase name="strValWrongArgType" classname="cpsc326.SemanticCheckerTests" time="0.001"/>
  <testcase name="basicFunctionReturnStatements" classname="cpsc326.SemanticCheckerTests" time="0.002"/>
  <testcase name="badArrayAccess" classname="cpsc326.SemanticCheckerTests" time="0.002"/>
  <testcase name="mismatchedArrayIntVarStatementTypes" classname="cpsc326.SemanticCheckerTests" time="0.001"/>
  <testcase name="illegalLifetimeAfterWhile" classname="cpsc326.SemanticCheckerTests" time="0.001"/>
  <testcase name="callWithTwoParamsaAndTooFewArgs" classname="cpsc326.SemanticCheckerTests" time="0.0"/>
  <testcase name="dblValTooFewArgs" classname="cpsc326.SemanticCheckerTests" time="0.001"/>
  <testcase name="missingMain" classname="cpsc326.SemanticCheckerTests" time="0.002"/>
  <testcase name="localShadow" classname="cpsc326.SemanticCheckerTests" time="0.001"/>
  <testcase name="structSelfReference" classname="cpsc326.SemanticCheckerTests" time="0.001"/>
  <testcase name="twoStructsWithSameName" classname="cpsc326.SemanticCheckerTests" time="0.0"/>
  <testcase name="intValTooManyArgs" classname="cpsc326.SemanticCheckerTests" time="0.001"/>
  <testcase name="illegalIntWhileCondition" classname="cpsc326.SemanticCheckerTests" time="0.001"/>
  <testcase name="sizeTooFewArgs" classname="cpsc326.SemanticCheckerTests" time="0.001"/>
  <testcase name="basicPrintCalls" classname="cpsc326.SemanticCheckerTests" time="0.0"/>
  <testcase name="validFunctionDefs" classname="cpsc326.SemanticCheckerTests" time="0.0"/>
  <testcase name="rvalueWithWrongType" classname="cpsc326.SemanticCheckerTests" time="0.001"/>
  <testcase name="callWithWrongArrayArgType" classname="cpsc326.SemanticCheckerTests" time="0.001"/>
  <testcase name="arrayComparisons" classname="cpsc326.SemanticCheckerTests" time="0.0"/>
  <testcase name="createArrayWithMismatchedStructType" classname="cpsc326.SemanticCheckerTests" time="0.001"/>
  <testcase name="illegalLifetimeAfterFor" classname="cpsc326.SemanticCheckerTests" time="0.002"/>
  <testcase name="dblValTooManyArgs" classname="cpsc326.SemanticCheckerTests" time="0.001"/>
  <testcase name="validFullBaseTypeVarStatements" classname="cpsc326.SemanticCheckerTests" time="0.0"/>
  <testcase name="illegalShadowing" classname="cpsc326.SemanticCheckerTests" time="0.003"/>
  <testcase name="structWithUndefinedFieldType" classname="cpsc326.SemanticCheckerTests" time="0.002"/>
  <testcase name="validVarStatementsWithoutDefs" classname="cpsc326.SemanticCheckerTests" time="0.001"/>
  <testcase name="functionWithBadArrayReturnType" classname="cpsc326.SemanticCheckerTests" time="0.001"/>
  <testcase name="printTooManyArgs" classname="cpsc326.SemanticCheckerTests" time="0.002"/>
  <testcase name="unableToInferType" classname="cpsc326.SemanticCheckerTests" time="0.002"/>
  <testcase name="basicAllowedShadowing" classname="cpsc326.SemanticCheckerTests" time="0.0"/>
  <testcase name="printlnTooManyArgs" classname="cpsc326.SemanticCheckerTests" time="0.001"/>
  <testcase name="intValWrongArgType" classname="cpsc326.SemanticCheckerTests" time="0.001"/>
  <testcase name="validStructDefs" classname="cpsc326.SemanticCheckerTests" time="0.002"/>
  <testcase name="lvalueWithBadArrayType" classname="cpsc326.SemanticCheckerTests" time="0.002"/>
  <testcase name="structAndFunctionWithSameName" classname="cpsc326.SemanticCheckerTests" time="0.001"/>
  <testcase name="sizeWrongArgType" classname="cpsc326.SemanticCheckerTests" time="0.001"/>
  <testcase name="strValWrongReturnType" classname="cpsc326.SemanticCheckerTests" time="0.001"/>
  <testcase name="mainWithWrongReturnType" classname="cpsc326.SemanticCheckerTests" time="0.001"/>
  <testcase name="callWithWrongArrayArgToNonArrayParamType" classname="cpsc326.SemanticCheckerTests" time="0.001"/>
  <testcase name="basicAssignmentToNull" classname="cpsc326.SemanticCheckerTests" time="0.001"/>
</testsuite>