<?xml version="1.0" encoding="UTF-8"?>
<testsuite xmlns:xsi="http://www.w3.org/2001/XMLSchema-instance" xsi:noNamespaceSchemaLocation="https://maven.apache.org/surefire/maven-surefire-plugin/xsd/surefire-test-report.xsd" version="3.0.2" name="cpsc326.SemanticCheckerTests" time="0.403" tests="140" errors="2" skipped="0" failures="0">
  <properties>
    <property name="java.specification.version" value="21"/>
    <property name="sun.cpu.isalist" value="amd64"/>
    <property name="sun.jnu.encoding" value="Cp1252"/>
    <property name="java.class.path" value="C:\Users\tambo\Java\CPSC326\hw4-ChristianCodez\target\test-classes;C:\Users\tambo\Java\CPSC326\hw4-ChristianCodez\target\classes;C:\Users\tambo\.m2\repository\org\junit\jupiter\junit-jupiter\5.10.3\junit-jupiter-5.10.3.jar;C:\Users\tambo\.m2\repository\org\junit\jupiter\junit-jupiter-api\5.10.3\junit-jupiter-api-5.10.3.jar;C:\Users\tambo\.m2\repository\org\opentest4j\opentest4j\1.3.0\opentest4j-1.3.0.jar;C:\Users\tambo\.m2\repository\org\junit\platform\junit-platform-commons\1.10.3\junit-platform-commons-1.10.3.jar;C:\Users\tambo\.m2\repository\org\apiguardian\apiguardian-api\1.1.2\apiguardian-api-1.1.2.jar;C:\Users\tambo\.m2\repository\org\junit\jupiter\junit-jupiter-params\5.10.3\junit-jupiter-params-5.10.3.jar;C:\Users\tambo\.m2\repository\org\junit\jupiter\junit-jupiter-engine\5.10.3\junit-jupiter-engine-5.10.3.jar;C:\Users\tambo\.m2\repository\org\junit\platform\junit-platform-engine\1.10.3\junit-platform-engine-1.10.3.jar;C:\Users\tambo\.m2\repository\net\sourceforge\argparse4j\argparse4j\0.9.0\argparse4j-0.9.0.jar;"/>
    <property name="java.vm.vendor" value="Eclipse Adoptium"/>
    <property name="sun.arch.data.model" value="64"/>
    <property name="user.variant" value=""/>
    <property name="java.vendor.url" value="https://adoptium.net/"/>
    <property name="user.timezone" value="America/Los_Angeles"/>
    <property name="os.name" value="Windows 11"/>
    <property name="java.vm.specification.version" value="21"/>
    <property name="sun.java.launcher" value="SUN_STANDARD"/>
    <property name="user.country" value="US"/>
    <property name="sun.boot.library.path" value="C:\Program Files\Eclipse Adoptium\jdk-21.0.4.7-hotspot\bin"/>
    <property name="sun.java.command" value="C:\Users\tambo\AppData\Local\Temp\surefire11888009934186648781\surefirebooter-20250506024152679_3.jar C:\Users\tambo\AppData\Local\Temp\surefire11888009934186648781 2025-05-06T02-41-52_525-jvmRun1 surefire-20250506024152679_1tmp surefire_0-20250506024152679_2tmp"/>
    <property name="jdk.debug" value="release"/>
    <property name="surefire.test.class.path" value="C:\Users\tambo\Java\CPSC326\hw4-ChristianCodez\target\test-classes;C:\Users\tambo\Java\CPSC326\hw4-ChristianCodez\target\classes;C:\Users\tambo\.m2\repository\org\junit\jupiter\junit-jupiter\5.10.3\junit-jupiter-5.10.3.jar;C:\Users\tambo\.m2\repository\org\junit\jupiter\junit-jupiter-api\5.10.3\junit-jupiter-api-5.10.3.jar;C:\Users\tambo\.m2\repository\org\opentest4j\opentest4j\1.3.0\opentest4j-1.3.0.jar;C:\Users\tambo\.m2\repository\org\junit\platform\junit-platform-commons\1.10.3\junit-platform-commons-1.10.3.jar;C:\Users\tambo\.m2\repository\org\apiguardian\apiguardian-api\1.1.2\apiguardian-api-1.1.2.jar;C:\Users\tambo\.m2\repository\org\junit\jupiter\junit-jupiter-params\5.10.3\junit-jupiter-params-5.10.3.jar;C:\Users\tambo\.m2\repository\org\junit\jupiter\junit-jupiter-engine\5.10.3\junit-jupiter-engine-5.10.3.jar;C:\Users\tambo\.m2\repository\org\junit\platform\junit-platform-engine\1.10.3\junit-platform-engine-1.10.3.jar;C:\Users\tambo\.m2\repository\net\sourceforge\argparse4j\argparse4j\0.9.0\argparse4j-0.9.0.jar;"/>
    <property name="sun.cpu.endian" value="little"/>
    <property name="user.home" value="C:\Users\tambo"/>
    <property name="user.language" value="en"/>
    <property name="java.specification.vendor" value="Oracle Corporation"/>
    <property name="java.version.date" value="2024-07-16"/>
    <property name="java.home" value="C:\Program Files\Eclipse Adoptium\jdk-21.0.4.7-hotspot"/>
    <property name="file.separator" value="\"/>
    <property name="basedir" value="C:\Users\tambo\Java\CPSC326\hw4-ChristianCodez"/>
    <property name="java.vm.compressedOopsMode" value="Zero based"/>
    <property name="line.separator" value="&#10;"/>
    <property name="java.vm.specification.vendor" value="Oracle Corporation"/>
    <property name="java.specification.name" value="Java Platform API Specification"/>
    <property name="surefire.real.class.path" value="C:\Users\tambo\AppData\Local\Temp\surefire11888009934186648781\surefirebooter-20250506024152679_3.jar"/>
    <property name="user.script" value=""/>
    <property name="sun.management.compiler" value="HotSpot 64-Bit Tiered Compilers"/>
    <property name="java.runtime.version" value="21.0.4+7-LTS"/>
    <property name="user.name" value="tambo"/>
    <property name="stdout.encoding" value="Cp1252"/>
    <property name="path.separator" value=";"/>
    <property name="os.version" value="10.0"/>
    <property name="java.runtime.name" value="OpenJDK Runtime Environment"/>
    <property name="file.encoding" value="UTF-8"/>
    <property name="java.vm.name" value="OpenJDK 64-Bit Server VM"/>
    <property name="java.vendor.version" value="Temurin-21.0.4+7"/>
    <property name="localRepository" value="C:\Users\tambo\.m2\repository"/>
    <property name="java.vendor.url.bug" value="https://github.com/adoptium/adoptium-support/issues"/>
    <property name="java.io.tmpdir" value="C:\Users\tambo\AppData\Local\Temp\"/>
    <property name="java.version" value="21.0.4"/>
    <property name="user.dir" value="C:\Users\tambo\Java\CPSC326\hw4-ChristianCodez"/>
    <property name="os.arch" value="amd64"/>
    <property name="java.vm.specification.name" value="Java Virtual Machine Specification"/>
    <property name="sun.os.patch.level" value=""/>
    <property name="native.encoding" value="Cp1252"/>
    <property name="java.library.path" value="C:\Program Files\Eclipse Adoptium\jdk-21.0.4.7-hotspot\bin;C:\WINDOWS\Sun\Java\bin;C:\WINDOWS\system32;C:\WINDOWS;C:\Program Files\Eclipse Adoptium\jdk-21.0.4.7-hotspot\bin;C:\WINDOWS\system32;C:\WINDOWS;C:\WINDOWS\System32\Wbem;C:\WINDOWS\System32\WindowsPowerShell\v1.0\;C:\WINDOWS\System32\OpenSSH\;C:\TDM-GCC-64\bin;C:\Users\tambo\Downloads\apache-maven-3.9.9-bin\apache-maven-3.9.9\bin;C:\Program Files\dotnet\;C:\Program Files\Git\cmd;C:\Users\tambo\AppData\Local\Programs\Python\Python311\Scripts\;C:\Users\tambo\AppData\Local\Programs\Python\Python311\;C:\Users\tambo\AppData\Local\Microsoft\WindowsApps;C:\Program Files\JetBrains\PyCharm Community Edition 2023.2\bin;;C:\Users\tambo\AppData\Local\Programs\Microsoft VS Code\bin;C:\Users\tambo\AppData\Local\GitHubDesktop\bin;\home\christian\.local\bin;C:\Users\tambo\AppData\Local\Microsoft\WinGet\Packages\OCaml.opam_Microsoft.Winget.Source_8wekyb3d8bbwe;;c:\Users\tambo\AppData\Roaming\Code\User\globalStorage\github.copilot-chat\debugCommand;."/>
    <property name="java.vm.info" value="mixed mode, sharing"/>
    <property name="stderr.encoding" value="Cp1252"/>
    <property name="java.vendor" value="Eclipse Adoptium"/>
    <property name="java.vm.version" value="21.0.4+7-LTS"/>
    <property name="sun.io.unicode.encoding" value="UnicodeLittle"/>
    <property name="java.class.version" value="65.0"/>
  </properties>
  <testcase name="illegalNonNullReturn" classname="cpsc326.SemanticCheckerTests" time="0.05"/>
  <testcase name="validInferedTypeVarStatements" classname="cpsc326.SemanticCheckerTests" time="0.003"/>
  <testcase name="basicIfStatements" classname="cpsc326.SemanticCheckerTests" time="0.003"/>
  <testcase name="badArrayAssignment" classname="cpsc326.SemanticCheckerTests" time="0.007"/>
  <testcase name="exprWithParens" classname="cpsc326.SemanticCheckerTests" time="0.005"/>
  <testcase name="illegalNonBoolElseIfCondition" classname="cpsc326.SemanticCheckerTests" time="0.002"/>
  <testcase name="lvalueWithWrongType" classname="cpsc326.SemanticCheckerTests" time="0.005"/>
  <testcase name="extremeVariableShadowingWorking" classname="cpsc326.SemanticCheckerTests" time="0.005"/>
  <testcase name="assignmentWithArrayTypeMismatch" classname="cpsc326.SemanticCheckerTests" time="0.002"/>
  <testcase name="basicReadlnCalls" classname="cpsc326.SemanticCheckerTests" time="0.001"/>
  <testcase name="createArrayWithMismatchedBaseType" classname="cpsc326.SemanticCheckerTests" time="0.002"/>
  <testcase name="getTooManyArgs" classname="cpsc326.SemanticCheckerTests" time="0.003"/>
  <testcase name="illegalBoolArrayWhileCondition" classname="cpsc326.SemanticCheckerTests" time="0.003"/>
  <testcase name="basicStructCreation" classname="cpsc326.SemanticCheckerTests" time="0.001"/>
  <testcase name="illegalLogicalOrWithString" classname="cpsc326.SemanticCheckerTests" time="0.007"/>
  <testcase name="printlnTooFewArgs" classname="cpsc326.SemanticCheckerTests" time="0.002"/>
  <testcase name="basicForStatements" classname="cpsc326.SemanticCheckerTests" time="0.001"/>
  <testcase name="rvalueWithBadArrayType" classname="cpsc326.SemanticCheckerTests" time="0.002"/>
  <testcase name="mainWithParams" classname="cpsc326.SemanticCheckerTests" time="0.002"/>
  <testcase name="dblValWrongReturnType" classname="cpsc326.SemanticCheckerTests" time="0.001"/>
  <testcase name="basicCastFunctionCalls" classname="cpsc326.SemanticCheckerTests" time="0.001"/>
  <testcase name="getWrongReturnType" classname="cpsc326.SemanticCheckerTests" time="0.001"/>
  <testcase name="illegalNullIfCondition" classname="cpsc326.SemanticCheckerTests" time="0.001"/>
  <testcase name="callWithTooManyArgs" classname="cpsc326.SemanticCheckerTests" time="0.01"/>
  <testcase name="illegalBoolArrayIfCondition" classname="cpsc326.SemanticCheckerTests" time="0.002"/>
  <testcase name="illegalArrayRelationalComparison" classname="cpsc326.SemanticCheckerTests" time="0.002"/>
  <testcase name="basicWhileStatements" classname="cpsc326.SemanticCheckerTests" time="0.001"/>
  <testcase name="combinedRelationalOperators" classname="cpsc326.SemanticCheckerTests" time="0.001"/>
  <testcase name="functionWithTwoSameNamedParams" classname="cpsc326.SemanticCheckerTests" time="0.001"/>
  <testcase name="structsMutualReference" classname="cpsc326.SemanticCheckerTests" time="0.0"/>
  <testcase name="structCreationTooManyArgs" classname="cpsc326.SemanticCheckerTests" time="0.007"/>
  <testcase name="illegalLogicalNegationWithInt" classname="cpsc326.SemanticCheckerTests" time="0.003"/>
  <testcase name="dblValWrongArgType" classname="cpsc326.SemanticCheckerTests" time="0.002"/>
  <testcase name="structCreationTooFewArgs" classname="cpsc326.SemanticCheckerTests" time="0.001"/>
  <testcase name="validNestedArrayAndStructArrayVarStatements" classname="cpsc326.SemanticCheckerTests" time="0.001"/>
  <testcase name="mismatchedNonArrayIntVarStatementTypes" classname="cpsc326.SemanticCheckerTests" time="0.002"/>
  <testcase name="assignmentWithBaseTypeMismatch" classname="cpsc326.SemanticCheckerTests" time="0.001"/>
  <testcase name="basicGetFunctionCalls" classname="cpsc326.SemanticCheckerTests" time="0.001"/>
  <testcase name="illegalNullInForFrom" classname="cpsc326.SemanticCheckerTests" time="0.001"/>
  <testcase name="sizeTooManyArgs" classname="cpsc326.SemanticCheckerTests" time="0.001"/>
  <testcase name="callWithWrongNonArrayArgType" classname="cpsc326.SemanticCheckerTests" time="0.007"/>
  <testcase name="printArrayObject" classname="cpsc326.SemanticCheckerTests" time="0.001"/>
  <testcase name="functionWithStructParam" classname="cpsc326.SemanticCheckerTests" time="0.001"/>
  <testcase name="redefinedBuiltIn" classname="cpsc326.SemanticCheckerTests" time="0.002"/>
  <testcase name="functionWithBadReturnType" classname="cpsc326.SemanticCheckerTests" time="0.002"/>
  <testcase name="printlnArrayObject" classname="cpsc326.SemanticCheckerTests" time="0.002"/>
  <testcase name="functionWithBadArrayParameterType" classname="cpsc326.SemanticCheckerTests" time="0.001"/>
  <testcase name="callWithTooFewArgs" classname="cpsc326.SemanticCheckerTests" time="0.001"/>
  <testcase name="illegalAdditionWithIntAndArray" classname="cpsc326.SemanticCheckerTests" time="0.001"/>
  <testcase name="functionWithBadParameterType" classname="cpsc326.SemanticCheckerTests" time="0.001"/>
  <testcase name="basicAssignmentStatements" classname="cpsc326.SemanticCheckerTests" time="0.0"/>
  <testcase name="nestedArrayIndexingOnNonArray" classname="cpsc326.SemanticCheckerTests" time="0.002"/>
  <testcase name="exprWithNoParens" classname="cpsc326.SemanticCheckerTests" time="0.001"/>
  <testcase name="lvalueWithCorrectType" classname="cpsc326.SemanticCheckerTests" time="0.007">
    <error message="STATIC_ERROR: [4,5] Trying to index non-array type" type="cpsc326.MyPLException"><![CDATA[cpsc326.MyPLException: STATIC_ERROR: [4,5] Trying to index non-array type
	at cpsc326.MyPLException.staticError(MyPLException.java:56)
	at cpsc326.SemanticChecker.error(SemanticChecker.java:99)
	at cpsc326.SemanticChecker.visit(SemanticChecker.java:830)
	at cpsc326.AssignStmt.accept(AST.java:217)
	at cpsc326.SemanticChecker.visit(SemanticChecker.java:218)
	at cpsc326.FunDef.accept(AST.java:54)
	at cpsc326.SemanticChecker.visit(SemanticChecker.java:168)
	at cpsc326.Program.accept(AST.java:34)
	at cpsc326.SemanticCheckerTests.lvalueWithCorrectType(SemanticCheckerTests.java:1964)
	at java.base/java.lang.reflect.Method.invoke(Method.java:580)
	at java.base/java.util.ArrayList.forEach(ArrayList.java:1596)
	at java.base/java.util.ArrayList.forEach(ArrayList.java:1596)
]]></error>
  </testcase>
  <testcase name="printStructObject" classname="cpsc326.SemanticCheckerTests" time="0.002"/>
  <testcase name="structCreationWrongArgType" classname="cpsc326.SemanticCheckerTests" time="0.002"/>
  <testcase name="basicSizeFunctionCalls" classname="cpsc326.SemanticCheckerTests" time="0.001"/>
  <testcase name="illegalMultiplication" classname="cpsc326.SemanticCheckerTests" time="0.008"/>
  <testcase name="illegalLogicalAndWithInt" classname="cpsc326.SemanticCheckerTests" time="0.002"/>
  <testcase name="illegalNonArrayRelationalComparison" classname="cpsc326.SemanticCheckerTests" time="0.002"/>
  <testcase name="sizeWrongReturnType" classname="cpsc326.SemanticCheckerTests" time="0.001"/>
  <testcase name="intValTooFewArgs" classname="cpsc326.SemanticCheckerTests" time="0.003"/>
  <testcase name="validFullBaseTypeArrayVarStatements" classname="cpsc326.SemanticCheckerTests" time="0.0"/>
  <testcase name="callWithTwoParamsAndTooManyArgs" classname="cpsc326.SemanticCheckerTests" time="0.003"/>
  <testcase name="oneIllegalExecutionPath" classname="cpsc326.SemanticCheckerTests" time="0.002"/>
  <testcase name="basicFunctionCalls" classname="cpsc326.SemanticCheckerTests" time="0.003"/>
  <testcase name="basicStructPathExamples" classname="cpsc326.SemanticCheckerTests" time="0.001"/>
  <testcase name="twoFunctionsWithSameName" classname="cpsc326.SemanticCheckerTests" time="0.001"/>
  <testcase name="getWrongSecondArgType" classname="cpsc326.SemanticCheckerTests" time="0.001"/>
  <testcase name="illegalArrayWithAddition" classname="cpsc326.SemanticCheckerTests" time="0.002"/>
  <testcase name="arrayAccess" classname="cpsc326.SemanticCheckerTests" time="0.001"/>
  <testcase name="smallestValidProgram" classname="cpsc326.SemanticCheckerTests" time="0.0"/>
  <testcase name="illegalLifetimeinElse" classname="cpsc326.SemanticCheckerTests" time="0.001"/>
  <testcase name="strValTooManyArgs" classname="cpsc326.SemanticCheckerTests" time="0.001"/>
  <testcase name="mismatchedNonArrayDoubleVarStatementTypes" classname="cpsc326.SemanticCheckerTests" time="0.001"/>
  <testcase name="getWrongFirstArgType" classname="cpsc326.SemanticCheckerTests" time="0.002"/>
  <testcase name="basicRelationalOperators" classname="cpsc326.SemanticCheckerTests" time="0.001"/>
  <testcase name="getTooFewArgs" classname="cpsc326.SemanticCheckerTests" time="0.003"/>
  <testcase name="illegalNonBoolIfCondition" classname="cpsc326.SemanticCheckerTests" time="0.001"/>
  <testcase name="callToUndeclaredFunction" classname="cpsc326.SemanticCheckerTests" time="0.002"/>
  <testcase name="accessUndefinedStructField" classname="cpsc326.SemanticCheckerTests" time="0.002"/>
  <testcase name="strValTooFewArgs" classname="cpsc326.SemanticCheckerTests" time="0.001"/>
  <testcase name="illegalAdditionUsingBools" classname="cpsc326.SemanticCheckerTests" time="0.002"/>
  <testcase name="rvalueWithCorrectArrayType" classname="cpsc326.SemanticCheckerTests" time="0.002">
    <error message="STATIC_ERROR: [4,37] Cannot access field on array type" type="cpsc326.MyPLException"><![CDATA[cpsc326.MyPLException: STATIC_ERROR: [4,37] Cannot access field on array type
	at cpsc326.MyPLException.staticError(MyPLException.java:56)
	at cpsc326.SemanticChecker.error(SemanticChecker.java:99)
	at cpsc326.SemanticChecker.visit(SemanticChecker.java:697)
	at cpsc326.VarRValue.accept(AST.java:179)
	at cpsc326.SemanticChecker.visit(SemanticChecker.java:311)
	at cpsc326.BasicExpr.accept(AST.java:98)
	at cpsc326.SemanticChecker.visit(SemanticChecker.java:751)
	at cpsc326.VarStmt.accept(AST.java:208)
	at cpsc326.SemanticChecker.visit(SemanticChecker.java:218)
	at cpsc326.FunDef.accept(AST.java:54)
	at cpsc326.SemanticChecker.visit(SemanticChecker.java:168)
	at cpsc326.Program.accept(AST.java:34)
	at cpsc326.SemanticCheckerTests.rvalueWithCorrectArrayType(SemanticCheckerTests.java:1991)
	at java.base/java.lang.reflect.Method.invoke(Method.java:580)
	at java.base/java.util.ArrayList.forEach(ArrayList.java:1596)
	at java.base/java.util.ArrayList.forEach(ArrayList.java:1596)
]]></error>
  </testcase>
  <testcase name="printTooFewArgs" classname="cpsc326.SemanticCheckerTests" time="0.002"/>
  <testcase name="illegalSubtractionWithNull" classname="cpsc326.SemanticCheckerTests" time="0.001"/>
  <testcase name="exprWithParensAndVars" classname="cpsc326.SemanticCheckerTests" time="0.001"/>
  <testcase name="callWithWrongArrayReturnType" classname="cpsc326.SemanticCheckerTests" time="0.001"/>
  <testcase name="structWithTwoFieldsHavingSameName" classname="cpsc326.SemanticCheckerTests" time="0.002"/>
  <testcase name="intValWrongReturnType" classname="cpsc326.SemanticCheckerTests" time="0.001"/>
  <testcase name="arrayCreation" classname="cpsc326.SemanticCheckerTests" time="0.001"/>
  <testcase name="readlnWrongReturnType" classname="cpsc326.SemanticCheckerTests" time="0.002"/>
  <testcase name="assignmentWithBaseTypeToArrayTypeMismatch" classname="cpsc326.SemanticCheckerTests" time="0.002"/>
  <testcase name="rvalueWithCorrectType" classname="cpsc326.SemanticCheckerTests" time="0.0"/>
  <testcase name="callWithWrongNonArrayReturnType" classname="cpsc326.SemanticCheckerTests" time="0.002"/>
  <testcase name="illegalBoolInForFrom" classname="cpsc326.SemanticCheckerTests" time="0.002"/>
  <testcase name="printlnStructObject" classname="cpsc326.SemanticCheckerTests" time="0.001"/>
  <testcase name="extremeVariableShadowingError" classname="cpsc326.SemanticCheckerTests" time="0.002"/>
  <testcase name="readlnTooManyArgs" classname="cpsc326.SemanticCheckerTests" time="0.002"/>
  <testcase name="illegalDoubleInForTo" classname="cpsc326.SemanticCheckerTests" time="0.002"/>
  <testcase name="strValWrongArgType" classname="cpsc326.SemanticCheckerTests" time="0.001"/>
  <testcase name="basicFunctionReturnStatements" classname="cpsc326.SemanticCheckerTests" time="0.002"/>
  <testcase name="badArrayAccess" classname="cpsc326.SemanticCheckerTests" time="0.002"/>
  <testcase name="mismatchedArrayIntVarStatementTypes" classname="cpsc326.SemanticCheckerTests" time="0.001"/>
  <testcase name="illegalLifetimeAfterWhile" classname="cpsc326.SemanticCheckerTests" time="0.001"/>
  <testcase name="callWithTwoParamsaAndTooFewArgs" classname="cpsc326.SemanticCheckerTests" time="0.0"/>
  <testcase name="dblValTooFewArgs" classname="cpsc326.SemanticCheckerTests" time="0.001"/>
  <testcase name="missingMain" classname="cpsc326.SemanticCheckerTests" time="0.002"/>
  <testcase name="localShadow" classname="cpsc326.SemanticCheckerTests" time="0.001"/>
  <testcase name="structSelfReference" classname="cpsc326.SemanticCheckerTests" time="0.001"/>
  <testcase name="twoStructsWithSameName" classname="cpsc326.SemanticCheckerTests" time="0.0"/>
  <testcase name="intValTooManyArgs" classname="cpsc326.SemanticCheckerTests" time="0.001"/>
  <testcase name="illegalIntWhileCondition" classname="cpsc326.SemanticCheckerTests" time="0.001"/>
  <testcase name="sizeTooFewArgs" classname="cpsc326.SemanticCheckerTests" time="0.001"/>
  <testcase name="basicPrintCalls" classname="cpsc326.SemanticCheckerTests" time="0.0"/>
  <testcase name="validFunctionDefs" classname="cpsc326.SemanticCheckerTests" time="0.0"/>
  <testcase name="rvalueWithWrongType" classname="cpsc326.SemanticCheckerTests" time="0.001"/>
  <testcase name="callWithWrongArrayArgType" classname="cpsc326.SemanticCheckerTests" time="0.001"/>
  <testcase name="arrayComparisons" classname="cpsc326.SemanticCheckerTests" time="0.0"/>
  <testcase name="createArrayWithMismatchedStructType" classname="cpsc326.SemanticCheckerTests" time="0.001"/>
  <testcase name="illegalLifetimeAfterFor" classname="cpsc326.SemanticCheckerTests" time="0.002"/>
  <testcase name="dblValTooManyArgs" classname="cpsc326.SemanticCheckerTests" time="0.001"/>
  <testcase name="validFullBaseTypeVarStatements" classname="cpsc326.SemanticCheckerTests" time="0.0"/>
  <testcase name="illegalShadowing" classname="cpsc326.SemanticCheckerTests" time="0.003"/>
  <testcase name="structWithUndefinedFieldType" classname="cpsc326.SemanticCheckerTests" time="0.002"/>
  <testcase name="validVarStatementsWithoutDefs" classname="cpsc326.SemanticCheckerTests" time="0.001"/>
  <testcase name="functionWithBadArrayReturnType" classname="cpsc326.SemanticCheckerTests" time="0.001"/>
  <testcase name="printTooManyArgs" classname="cpsc326.SemanticCheckerTests" time="0.002"/>
  <testcase name="unableToInferType" classname="cpsc326.SemanticCheckerTests" time="0.002"/>
  <testcase name="basicAllowedShadowing" classname="cpsc326.SemanticCheckerTests" time="0.0"/>
  <testcase name="printlnTooManyArgs" classname="cpsc326.SemanticCheckerTests" time="0.001"/>
  <testcase name="intValWrongArgType" classname="cpsc326.SemanticCheckerTests" time="0.001"/>
  <testcase name="validStructDefs" classname="cpsc326.SemanticCheckerTests" time="0.002"/>
  <testcase name="lvalueWithBadArrayType" classname="cpsc326.SemanticCheckerTests" time="0.002"/>
  <testcase name="structAndFunctionWithSameName" classname="cpsc326.SemanticCheckerTests" time="0.001"/>
  <testcase name="sizeWrongArgType" classname="cpsc326.SemanticCheckerTests" time="0.001"/>
  <testcase name="strValWrongReturnType" classname="cpsc326.SemanticCheckerTests" time="0.001"/>
  <testcase name="mainWithWrongReturnType" classname="cpsc326.SemanticCheckerTests" time="0.001"/>
  <testcase name="callWithWrongArrayArgToNonArrayParamType" classname="cpsc326.SemanticCheckerTests" time="0.001"/>
  <testcase name="basicAssignmentToNull" classname="cpsc326.SemanticCheckerTests" time="0.001"/>
</testsuite>